2017-02-28 11:19:21	1	m_login_Authenticate	admin starting logged.
2017-02-28 11:22:03	1	Page_Load	System.Threading.ThreadAbortException: Thread was being aborted.
   at System.Threading.Thread.AbortInternal()
   at System.Threading.Thread.Abort(Object stateInfo)
   at System.Web.HttpResponse.AbortCurrentThread()
   at System.Web.HttpResponse.Redirect(String url, Boolean endResponse, Boolean permanent)
   at Admin_MasterPageAdmin.Page_Load(Object sender, EventArgs e) in e:\Projects\2014\LuatVietNam10\LuatVietNam\AppForm\Admin\MasterPageAdmin.master.cs:line 41
2017-02-28 11:22:05	1	m_login_Authenticate	admin starting logged.
2017-02-28 11:22:12	1	btnXuatExcel_Click	System.Threading.ThreadAbortException: Thread was being aborted.
   at System.Threading.Thread.AbortInternal()
   at System.Threading.Thread.Abort(Object stateInfo)
   at System.Web.HttpResponse.AbortCurrentThread()
   at Admin_PaymentTransactions.btnXuatExcel_Click(Object sender, EventArgs e) in e:\Projects\2014\LuatVietNam10\LuatVietNam\AppForm\Admin\Pages\lawsdocs\PaymentTransactions.aspx.cs:line 235
2017-02-28 11:25:52	1	btnXuatExcel_Click	System.InvalidOperationException: RegisterForEventValidation can only be called during Render();
   at System.Web.UI.ClientScriptManager.RegisterForEventValidation(String uniqueId, String argument)
   at System.Web.UI.ClientScriptManager.GetPostBackEventReference(PostBackOptions options, Boolean registerForEventValidation)
   at System.Web.UI.WebControls.LinkButton.AddAttributesToRender(HtmlTextWriter writer)
   at System.Web.UI.WebControls.WebControl.RenderBeginTag(HtmlTextWriter writer)
   at System.Web.UI.WebControls.WebControl.Render(HtmlTextWriter writer)
   at System.Web.UI.Control.RenderControlInternal(HtmlTextWriter writer, ControlAdapter adapter)
   at System.Web.UI.Control.RenderChildrenInternal(HtmlTextWriter writer, ICollection children)
   at System.Web.UI.WebControls.TableCell.RenderContents(HtmlTextWriter writer)
   at System.Web.UI.WebControls.WebControl.Render(HtmlTextWriter writer)
   at System.Web.UI.Control.RenderControlInternal(HtmlTextWriter writer, ControlAdapter adapter)
   at System.Web.UI.Control.RenderChildrenInternal(HtmlTextWriter writer, ICollection children)
   at System.Web.UI.WebControls.WebControl.RenderContents(HtmlTextWriter writer)
   at System.Web.UI.WebControls.WebControl.Render(HtmlTextWriter writer)
   at System.Web.UI.Control.RenderControlInternal(HtmlTextWriter writer, ControlAdapter adapter)
   at System.Web.UI.WebControls.Table.RenderContents(HtmlTextWriter writer)
   at System.Web.UI.WebControls.WebControl.Render(HtmlTextWriter writer)
   at System.Web.UI.Control.RenderControlInternal(HtmlTextWriter writer, ControlAdapter adapter)
   at System.Web.UI.Control.RenderChildrenInternal(HtmlTextWriter writer, ICollection children)
   at System.Web.UI.WebControls.WebControl.RenderContents(HtmlTextWriter writer)
   at System.Web.UI.WebControls.GridView.Render(HtmlTextWriter writer, Boolean renderPanel)
   at System.Web.UI.Control.RenderControlInternal(HtmlTextWriter writer, ControlAdapter adapter)
   at Admin_CustomerAccounts.btnXuatExcel_Click(Object sender, EventArgs e) in e:\Projects\2014\LuatVietNam10\LuatVietNam\AppForm\Admin\Pages\estate\CustomerAccounts.aspx.cs:line 159
2017-02-28 11:26:03	1	btnXuatExcel_Click	System.InvalidOperationException: RegisterForEventValidation can only be called during Render();
   at System.Web.UI.ClientScriptManager.RegisterForEventValidation(String uniqueId, String argument)
   at System.Web.UI.ClientScriptManager.GetPostBackEventReference(PostBackOptions options, Boolean registerForEventValidation)
   at System.Web.UI.WebControls.LinkButton.AddAttributesToRender(HtmlTextWriter writer)
   at System.Web.UI.WebControls.WebControl.RenderBeginTag(HtmlTextWriter writer)
   at System.Web.UI.WebControls.WebControl.Render(HtmlTextWriter writer)
   at System.Web.UI.Control.RenderControlInternal(HtmlTextWriter writer, ControlAdapter adapter)
   at System.Web.UI.Control.RenderChildrenInternal(HtmlTextWriter writer, ICollection children)
   at System.Web.UI.WebControls.TableCell.RenderContents(HtmlTextWriter writer)
   at System.Web.UI.WebControls.WebControl.Render(HtmlTextWriter writer)
   at System.Web.UI.Control.RenderControlInternal(HtmlTextWriter writer, ControlAdapter adapter)
   at System.Web.UI.Control.RenderChildrenInternal(HtmlTextWriter writer, ICollection children)
   at System.Web.UI.WebControls.WebControl.RenderContents(HtmlTextWriter writer)
   at System.Web.UI.WebControls.WebControl.Render(HtmlTextWriter writer)
   at System.Web.UI.Control.RenderControlInternal(HtmlTextWriter writer, ControlAdapter adapter)
   at System.Web.UI.WebControls.Table.RenderContents(HtmlTextWriter writer)
   at System.Web.UI.WebControls.WebControl.Render(HtmlTextWriter writer)
   at System.Web.UI.Control.RenderControlInternal(HtmlTextWriter writer, ControlAdapter adapter)
   at System.Web.UI.Control.RenderChildrenInternal(HtmlTextWriter writer, ICollection children)
   at System.Web.UI.WebControls.WebControl.RenderContents(HtmlTextWriter writer)
   at System.Web.UI.WebControls.GridView.Render(HtmlTextWriter writer, Boolean renderPanel)
   at System.Web.UI.Control.RenderControlInternal(HtmlTextWriter writer, ControlAdapter adapter)
   at Admin_CustomerAccounts.btnXuatExcel_Click(Object sender, EventArgs e) in e:\Projects\2014\LuatVietNam10\LuatVietNam\AppForm\Admin\Pages\estate\CustomerAccounts.aspx.cs:line 159
