2018-03-13 00:33:34.9419 ERROR The controller for path '/assets/images/nex_view.png' was not found or does not implement IController.
2018-03-13 00:35:05.9655 ERROR The controller for path '/images/jqueryui/ui-icons_444444_256x240.png' was not found or does not implement IController.
2018-03-13 00:47:10.5005 ERROR The controller for path '/assets/images/nex_view.png' was not found or does not implement IController.
2018-03-13 00:47:39.5557 ERROR The controller for path '/images/jqueryui/ui-icons_444444_256x240.png' was not found or does not implement IController.
2018-03-13 00:57:50.9915 ERROR The controller for path '/images/jqueryui/ui-icons_444444_256x240.png' was not found or does not implement IController.
2018-03-13 01:02:28.5967 ERROR The controller for path '/img/dropdown_slice.png' was not found or does not implement IController.
2018-03-13 01:02:49.9484 ERROR The controller for path '/img/select_slice.png' was not found or does not implement IController.
2018-03-13 01:02:53.5348 ERROR The controller for path '/img/dropdown_slice.png' was not found or does not implement IController.
2018-03-13 01:12:13.3487 ERROR The controller for path '/assets/images/nex_view.png' was not found or does not implement IController.
2018-03-13 01:13:19.3213 ERROR The controller for path '/images/jqueryui/ui-icons_444444_256x240.png' was not found or does not implement IController.
2018-03-13 01:19:52.1653 ERROR The controller for path '/assets/images/nex_view.png' was not found or does not implement IController.
2018-03-13 01:20:45.6629 ERROR The controller for path '/images/jqueryui/ui-icons_444444_256x240.png' was not found or does not implement IController.
2018-03-13 02:04:09.2633 ERROR The controller for path '/assets/images/nex_view.png' was not found or does not implement IController.
2018-03-13 02:04:18.1172 ERROR The controller for path '/assets/images/nex_view.png' was not found or does not implement IController.
2018-03-13 02:05:30.4393 ERROR The controller for path '/assets/images/nex_view.png' was not found or does not implement IController.
2018-03-13 02:05:49.7922 ERROR The controller for path '/assets/images/nex_view.png' was not found or does not implement IController.
2018-03-13 02:06:12.0030 ERROR The controller for path '/assets/images/nex_view.png' was not found or does not implement IController.
2018-03-13 02:06:14.5517 ERROR The controller for path '/assets/images/nex_view.png' was not found or does not implement IController.
2018-03-13 02:06:18.6974 ERROR The controller for path '/assets/images/nex_view.png' was not found or does not implement IController.
2018-03-13 02:06:27.2892 ERROR The controller for path '/assets/images/nex_view.png' was not found or does not implement IController.
2018-03-13 08:53:50.7165 ERROR The controller for path '/images/jqueryui/ui-icons_444444_256x240.png' was not found or does not implement IController.
2018-03-13 10:21:59.0877 ERROR The controller for path '/images/jqueryui/ui-icons_444444_256x240.png' was not found or does not implement IController.
2018-03-13 15:59:48.6369 ERROR Path '/Views/AjaxTemplates/Account/Profile/PartialTaxInvoice.cshtml' was not found.
