2018-03-06 09:01:09.8102 ERROR The controller for path '/assets/images/nex_view.png' was not found or does not implement IController.
2018-03-06 09:21:38.2412 ERROR The controller for path '/assets/images/nex_view.png' was not found or does not implement IController.
2018-03-06 09:25:19.2571 ERROR The controller for path '/assets/images/nex_view.png' was not found or does not implement IController.
2018-03-06 09:46:36.0090 ERROR The controller for path '/assets/images/nex_view.png' was not found or does not implement IController.
2018-03-06 09:48:30.7548 ERROR The controller for path '/user/dang-ky-dich-vu.html' was not found or does not implement IController.
2018-03-06 09:48:31.0771 ERROR The controller for path '/bundles/JsMobile' was not found or does not implement IController.
2018-03-06 09:48:45.6554 ERROR The controller for path '/images/mt.png' was not found or does not implement IController.
2018-03-06 09:50:38.8003 ERROR The controller for path '/images/mt.png' was not found or does not implement IController.
2018-03-06 09:52:34.2598 ERROR The controller for path '/images/mt.png' was not found or does not implement IController.
2018-03-06 09:54:36.9453 ERROR The controller for path '/images/mt.png' was not found or does not implement IController.
2018-03-06 10:02:16.2173 ERROR The controller for path '/user/images/close.png' was not found or does not implement IController.
2018-03-06 10:02:16.4935 ERROR The controller for path '/images/mt.png' was not found or does not implement IController.
2018-03-06 10:10:45.4156 ERROR The controller for path '/user/images/close.png' was not found or does not implement IController.
2018-03-06 10:10:45.6288 ERROR The controller for path '/images/mt.png' was not found or does not implement IController.
2018-03-06 10:12:33.7797 ERROR The controller for path '/user/images/close.png' was not found or does not implement IController.
2018-03-06 10:12:34.0504 ERROR The controller for path '/images/mt.png' was not found or does not implement IController.
2018-03-06 10:12:44.0021 ERROR The controller for path '/user/images/close.png' was not found or does not implement IController.
2018-03-06 10:12:44.2938 ERROR The controller for path '/images/mt.png' was not found or does not implement IController.
2018-03-06 10:13:36.5979 ERROR The controller for path '/user/images/close.png' was not found or does not implement IController.
2018-03-06 10:13:36.7484 ERROR The controller for path '/images/mt.png' was not found or does not implement IController.
2018-03-06 10:14:25.9333 ERROR The controller for path '/user/images/close.png' was not found or does not implement IController.
2018-03-06 10:14:26.1720 ERROR The controller for path '/images/mt.png' was not found or does not implement IController.
2018-03-06 10:15:05.3518 ERROR The controller for path '/user/images/close.png' was not found or does not implement IController.
2018-03-06 10:15:05.6496 ERROR The controller for path '/images/mt.png' was not found or does not implement IController.
2018-03-06 10:16:58.0309 ERROR The controller for path '/user/images/close.png' was not found or does not implement IController.
2018-03-06 10:16:58.3782 ERROR The controller for path '/images/mt.png' was not found or does not implement IController.
2018-03-06 10:18:15.9991 ERROR The controller for path '/user/images/close.png' was not found or does not implement IController.
2018-03-06 10:18:16.2888 ERROR The controller for path '/images/mt.png' was not found or does not implement IController.
2018-03-06 10:18:56.2140 ERROR The controller for path '/user/images/close.png' was not found or does not implement IController.
2018-03-06 10:18:56.4967 ERROR The controller for path '/images/mt.png' was not found or does not implement IController.
2018-03-06 10:20:22.9700 ERROR The controller for path '/user/images/close.png' was not found or does not implement IController.
2018-03-06 10:20:23.7730 ERROR The controller for path '/images/mt.png' was not found or does not implement IController.
2018-03-06 10:20:39.0161 ERROR The controller for path '/user/images/close.png' was not found or does not implement IController.
2018-03-06 10:20:39.2562 ERROR The controller for path '/images/mt.png' was not found or does not implement IController.
2018-03-06 10:21:44.7815 ERROR The controller for path '/user/images/close.png' was not found or does not implement IController.
2018-03-06 10:21:45.4215 ERROR The controller for path '/images/mt.png' was not found or does not implement IController.
2018-03-06 10:25:21.6745 ERROR The controller for path '/user/images/close.png' was not found or does not implement IController.
2018-03-06 10:25:22.0128 ERROR The controller for path '/images/mt.png' was not found or does not implement IController.
2018-03-06 10:25:54.8862 ERROR The controller for path '/user/images/close.png' was not found or does not implement IController.
2018-03-06 10:25:55.1729 ERROR The controller for path '/images/mt.png' was not found or does not implement IController.
2018-03-06 10:40:44.3719 ERROR The controller for path '/user/images/close.png' was not found or does not implement IController.
2018-03-06 10:40:46.2111 ERROR The controller for path '/images/mt.png' was not found or does not implement IController.
2018-03-06 10:41:04.8981 ERROR The controller for path '/user/images/close.png' was not found or does not implement IController.
2018-03-06 10:41:05.1643 ERROR The controller for path '/images/mt.png' was not found or does not implement IController.
2018-03-06 10:42:31.6632 ERROR The controller for path '/user/images/close.png' was not found or does not implement IController.
2018-03-06 10:42:31.9394 ERROR The controller for path '/images/mt.png' was not found or does not implement IController.
2018-03-06 10:42:58.4043 ERROR The controller for path '/user/images/close.png' was not found or does not implement IController.
2018-03-06 10:42:58.6875 ERROR The controller for path '/images/mt.png' was not found or does not implement IController.
2018-03-06 10:48:57.5176 ERROR The controller for path '/user/images/close.png' was not found or does not implement IController.
2018-03-06 10:48:59.1369 ERROR The controller for path '/images/mt.png' was not found or does not implement IController.
2018-03-06 10:49:11.3730 ERROR The controller for path '/images/jqueryui/ui-icons_444444_256x240.png' was not found or does not implement IController.
2018-03-06 10:53:54.3604 ERROR The controller for path '/user/images/close.png' was not found or does not implement IController.
2018-03-06 10:53:54.5681 ERROR The controller for path '/images/mt.png' was not found or does not implement IController.
2018-03-06 10:54:42.5164 ERROR The controller for path '/user/images/close.png' was not found or does not implement IController.
2018-03-06 10:54:42.8106 ERROR The controller for path '/images/mt.png' was not found or does not implement IController.
2018-03-06 10:55:58.4465 ERROR The controller for path '/user/images/close.png' was not found or does not implement IController.
2018-03-06 10:55:59.0294 ERROR The controller for path '/images/mt.png' was not found or does not implement IController.
2018-03-06 10:56:10.7959 ERROR The controller for path '/images/mt.png' was not found or does not implement IController.
2018-03-06 10:56:11.4749 ERROR The controller for path '/user/images/close.png' was not found or does not implement IController.
2018-03-06 10:56:55.7130 ERROR The controller for path '/user/images/close.png' was not found or does not implement IController.
2018-03-06 10:56:56.2782 ERROR The controller for path '/images/mt.png' was not found or does not implement IController.
2018-03-06 10:57:46.7908 ERROR The controller for path '/images/jqueryui/ui-icons_444444_256x240.png' was not found or does not implement IController.
2018-03-06 10:59:25.5480 ERROR The controller for path '/images/mt.png' was not found or does not implement IController.
2018-03-06 10:59:25.8532 ERROR The controller for path '/user/images/close.png' was not found or does not implement IController.
2018-03-06 10:59:30.2687 ERROR The controller for path '/images/jqueryui/ui-icons_444444_256x240.png' was not found or does not implement IController.
2018-03-06 11:02:03.3772 ERROR The controller for path '/user/images/close.png' was not found or does not implement IController.
2018-03-06 11:02:03.5073 ERROR The controller for path '/images/mt.png' was not found or does not implement IController.
2018-03-06 11:02:07.5510 ERROR The controller for path '/images/jqueryui/ui-icons_444444_256x240.png' was not found or does not implement IController.
2018-03-06 11:02:26.4017 ERROR The controller for path '/user/images/close.png' was not found or does not implement IController.
2018-03-06 11:02:26.6874 ERROR The controller for path '/images/mt.png' was not found or does not implement IController.
2018-03-06 11:05:35.7303 ERROR The controller for path '/user/images/close.png' was not found or does not implement IController.
2018-03-06 11:05:35.9574 ERROR The controller for path '/images/mt.png' was not found or does not implement IController.
2018-03-06 11:06:13.9533 ERROR The controller for path '/images/jqueryui/ui-icons_444444_256x240.png' was not found or does not implement IController.
2018-03-06 11:09:04.0651 ERROR The controller for path '/user/images/close.png' was not found or does not implement IController.
2018-03-06 11:09:04.3136 ERROR The controller for path '/images/mt.png' was not found or does not implement IController.
2018-03-06 11:09:06.0481 ERROR The controller for path '/images/jqueryui/ui-icons_444444_256x240.png' was not found or does not implement IController.
2018-03-06 11:22:44.4012 ERROR The controller for path '/user/images/close.png' was not found or does not implement IController.
2018-03-06 11:22:44.6683 ERROR The controller for path '/images/mt.png' was not found or does not implement IController.
2018-03-06 11:23:37.1172 ERROR The controller for path '/user/images/close.png' was not found or does not implement IController.
2018-03-06 11:23:37.5075 ERROR The controller for path '/images/mt.png' was not found or does not implement IController.
2018-03-06 11:23:40.5985 ERROR The controller for path '/images/jqueryui/ui-icons_444444_256x240.png' was not found or does not implement IController.
2018-03-06 11:28:57.1503 ERROR The controller for path '/user/images/close.png' was not found or does not implement IController.
2018-03-06 11:28:57.4345 ERROR The controller for path '/images/mt.png' was not found or does not implement IController.
2018-03-06 11:29:21.2697 ERROR The controller for path '/user/images/close.png' was not found or does not implement IController.
2018-03-06 11:29:21.6409 ERROR The controller for path '/images/mt.png' was not found or does not implement IController.
2018-03-06 11:58:13.5301 ERROR The controller for path '/user/images/close.png' was not found or does not implement IController.
2018-03-06 11:58:14.1405 ERROR The controller for path '/images/mt.png' was not found or does not implement IController.
2018-03-06 11:59:09.4785 ERROR The controller for path '/user/images/close.png' was not found or does not implement IController.
2018-03-06 11:59:10.1089 ERROR The controller for path '/images/mt.png' was not found or does not implement IController.
2018-03-06 11:59:50.6940 ERROR The controller for path '/user/images/close.png' was not found or does not implement IController.
2018-03-06 11:59:51.1853 ERROR The controller for path '/images/mt.png' was not found or does not implement IController.
2018-03-06 12:00:06.9938 ERROR The controller for path '/user/images/close.png' was not found or does not implement IController.
2018-03-06 12:00:07.4852 ERROR The controller for path '/images/mt.png' was not found or does not implement IController.
2018-03-06 12:01:28.4648 ERROR The controller for path '/user/images/close.png' was not found or does not implement IController.
2018-03-06 12:01:28.5849 ERROR The controller for path '/images/mt.png' was not found or does not implement IController.
2018-03-06 12:02:50.4153 ERROR The controller for path '/user/images/close.png' was not found or does not implement IController.
2018-03-06 12:02:50.7516 ERROR The controller for path '/images/mt.png' was not found or does not implement IController.
2018-03-06 12:04:00.7474 ERROR The controller for path '/user/images/close.png' was not found or does not implement IController.
2018-03-06 13:58:43.4754 ERROR The controller for path '/user/images/close.png' was not found or does not implement IController.
2018-03-06 13:58:50.9611 ERROR The controller for path '/images/jqueryui/ui-icons_444444_256x240.png' was not found or does not implement IController.
2018-03-06 13:59:28.9036 ERROR The controller for path '/user/images/close.png' was not found or does not implement IController.
2018-03-06 13:59:29.6827 ERROR The controller for path '/user/images/close.png' was not found or does not implement IController.
2018-03-06 14:00:10.5753 ERROR The controller for path '/user/images/close.png' was not found or does not implement IController.
2018-03-06 14:10:24.3683 ERROR The controller for path '/assets/images/nex_view.png' was not found or does not implement IController.
2018-03-06 14:14:53.2849 ERROR The controller for path '/assets/images/nex_view.png' was not found or does not implement IController.
2018-03-06 14:42:34.6934 ERROR The controller for path '/user/fr.png' was not found or does not implement IController.
2018-03-06 14:42:34.8836 ERROR The controller for path '/user/us.png' was not found or does not implement IController.
2018-03-06 14:42:35.1873 ERROR The controller for path '/user/de.png' was not found or does not implement IController.
2018-03-06 14:42:35.7336 ERROR The controller for path '/user/jp.png' was not found or does not implement IController.
2018-03-06 14:42:35.7820 ERROR The controller for path '/user/gb.png' was not found or does not implement IController.
2018-03-06 14:42:36.2555 ERROR The controller for path '/user/in.png' was not found or does not implement IController.
2018-03-06 14:42:36.8117 ERROR The controller for path '/user/cs.png' was not found or does not implement IController.
2018-03-06 14:44:08.9585 ERROR The controller for path '/user/fr.png' was not found or does not implement IController.
2018-03-06 14:44:09.0766 ERROR The controller for path '/user/us.png' was not found or does not implement IController.
2018-03-06 14:44:09.5119 ERROR The controller for path '/user/in.png' was not found or does not implement IController.
2018-03-06 14:44:10.0163 ERROR The controller for path '/user/de.png' was not found or does not implement IController.
2018-03-06 14:44:10.5517 ERROR The controller for path '/user/jp.png' was not found or does not implement IController.
2018-03-06 14:44:11.1187 ERROR The controller for path '/user/cs.png' was not found or does not implement IController.
2018-03-06 14:44:11.7116 ERROR The controller for path '/user/gb.png' was not found or does not implement IController.
2018-03-06 15:24:12.6102 ERROR The controller for path '/images/jqueryui/ui-icons_444444_256x240.png' was not found or does not implement IController.
2018-03-06 15:32:12.0153 ERROR The controller for path '/images/jqueryui/ui-icons_444444_256x240.png' was not found or does not implement IController.
2018-03-06 15:37:33.1548 ERROR The controller for path '/images/jqueryui/ui-icons_444444_256x240.png' was not found or does not implement IController.
2018-03-06 16:02:34.3159 ERROR The controller for path '/images/jqueryui/ui-icons_444444_256x240.png' was not found or does not implement IController.
2018-03-06 16:05:20.1068 ERROR The controller for path '/images/jqueryui/ui-icons_444444_256x240.png' was not found or does not implement IController.
2018-03-06 16:05:51.1502 ERROR The controller for path '/images/jqueryui/ui-icons_ffffff_256x240.png' was not found or does not implement IController.
2018-03-06 16:05:51.8140 ERROR The controller for path '/images/jqueryui/ui-icons_555555_256x240.png' was not found or does not implement IController.
2018-03-06 16:08:50.3576 ERROR The controller for path '/images/jqueryui/ui-icons_444444_256x240.png' was not found or does not implement IController.
2018-03-06 16:09:05.0519 ERROR The controller for path '/images/jqueryui/ui-icons_ffffff_256x240.png' was not found or does not implement IController.
2018-03-06 16:09:05.7050 ERROR The controller for path '/images/jqueryui/ui-icons_555555_256x240.png' was not found or does not implement IController.
2018-03-06 16:10:36.7807 ERROR The controller for path '/images/jqueryui/ui-icons_444444_256x240.png' was not found or does not implement IController.
2018-03-06 16:11:13.8737 ERROR The controller for path '/images/jqueryui/ui-icons_444444_256x240.png' was not found or does not implement IController.
2018-03-06 16:11:32.8120 ERROR The controller for path '/images/jqueryui/ui-icons_ffffff_256x240.png' was not found or does not implement IController.
2018-03-06 16:11:33.4827 ERROR The controller for path '/images/jqueryui/ui-icons_555555_256x240.png' was not found or does not implement IController.
2018-03-06 16:14:36.0912 ERROR The controller for path '/images/jqueryui/ui-icons_444444_256x240.png' was not found or does not implement IController.
2018-03-06 16:18:26.5421 ERROR The controller for path '/images/jqueryui/ui-icons_444444_256x240.png' was not found or does not implement IController.
2018-03-06 16:18:32.2569 ERROR The controller for path '/images/xoa22.png' was not found or does not implement IController.
2018-03-06 16:18:52.7214 ERROR The controller for path '/images/jqueryui/ui-icons_444444_256x240.png' was not found or does not implement IController.
2018-03-06 16:18:54.5478 ERROR The controller for path '/images/xoa22.png' was not found or does not implement IController.
2018-03-06 16:19:06.5073 ERROR The controller for path '/images/xoa22.png' was not found or does not implement IController.
2018-03-06 16:27:40.8002 ERROR The controller for path '/assets/images/nex_view.png' was not found or does not implement IController.
2018-03-06 16:28:25.4646 ERROR The controller for path '/user/images/gach-chan.png' was not found or does not implement IController.
2018-03-06 16:41:22.9359 ERROR The controller for path '/images/jqueryui/ui-icons_444444_256x240.png' was not found or does not implement IController.
2018-03-06 16:55:18.0481 ERROR The controller for path '/user/images/giahan.png' was not found or does not implement IController.
2018-03-06 16:55:18.5314 ERROR The controller for path '/user/images/chuyendoi.png' was not found or does not implement IController.
2018-03-06 17:28:01.1990 ERROR The controller for path '/images/jqueryui/ui-icons_444444_256x240.png' was not found or does not implement IController.
2018-03-06 17:29:13.1196 ERROR The controller for path '/images/jqueryui/ui-icons_444444_256x240.png' was not found or does not implement IController.
2018-03-06 17:29:50.6686 ERROR The controller for path '/images/jqueryui/ui-icons_444444_256x240.png' was not found or does not implement IController.
2018-03-06 17:33:17.9931 ERROR The controller for path '/images/jqueryui/ui-icons_444444_256x240.png' was not found or does not implement IController.
2018-03-06 17:39:25.0820 ERROR The controller for path '/images/jqueryui/ui-icons_444444_256x240.png' was not found or does not implement IController.
2018-03-06 17:40:58.3334 ERROR The controller for path '/assets/images/nex_view.png' was not found or does not implement IController.
2018-03-06 17:41:33.5256 ERROR The controller for path '/images/jqueryui/ui-icons_444444_256x240.png' was not found or does not implement IController.
2018-03-06 17:41:37.3726 ERROR The controller for path '/images/jqueryui/ui-icons_ffffff_256x240.png' was not found or does not implement IController.
2018-03-06 17:41:37.6167 ERROR The controller for path '/images/jqueryui/ui-icons_555555_256x240.png' was not found or does not implement IController.
2018-03-06 17:42:38.2764 ERROR The controller for path '/images/jqueryui/ui-icons_444444_256x240.png' was not found or does not implement IController.
2018-03-06 17:45:41.0656 ERROR The controller for path '/images/jqueryui/ui-icons_444444_256x240.png' was not found or does not implement IController.
2018-03-06 17:50:48.2511 ERROR The controller for path '/images/jqueryui/ui-icons_444444_256x240.png' was not found or does not implement IController.
2018-03-06 17:55:00.3275 ERROR The controller for path '/images/jqueryui/ui-icons_555555_256x240.png' was not found or does not implement IController.
2018-03-06 17:59:40.2560 ERROR The controller for path '/images/xoa22.png' was not found or does not implement IController.
2018-03-06 18:02:06.7974 ERROR The controller for path '/images/jqueryui/ui-icons_444444_256x240.png' was not found or does not implement IController.
2018-03-06 18:03:13.9278 ERROR The controller for path '/images/jqueryui/ui-icons_444444_256x240.png' was not found or does not implement IController.
2018-03-06 18:03:18.3842 ERROR The controller for path '/images/jqueryui/ui-icons_ffffff_256x240.png' was not found or does not implement IController.
2018-03-06 18:03:18.5313 ERROR The controller for path '/images/jqueryui/ui-icons_555555_256x240.png' was not found or does not implement IController.
2018-03-06 18:03:34.3839 ERROR The controller for path '/images/xoa22.png' was not found or does not implement IController.
2018-03-06 18:23:54.3888 ERROR The controller for path '/images/jqueryui/ui-icons_444444_256x240.png' was not found or does not implement IController.
2018-03-06 18:24:00.4557 ERROR The controller for path '/images/jqueryui/ui-icons_ffffff_256x240.png' was not found or does not implement IController.
2018-03-06 18:24:00.6178 ERROR The controller for path '/images/jqueryui/ui-icons_555555_256x240.png' was not found or does not implement IController.
2018-03-06 18:27:13.1020 ERROR The controller for path '/images/jqueryui/ui-icons_444444_256x240.png' was not found or does not implement IController.
2018-03-06 18:27:52.2548 ERROR The controller for path '/images/jqueryui/ui-icons_ffffff_256x240.png' was not found or does not implement IController.
2018-03-06 18:27:52.9196 ERROR The controller for path '/images/jqueryui/ui-icons_555555_256x240.png' was not found or does not implement IController.
