2018-03-08 10:16:54.3742 ERROR Path '/Views/AjaxTemplates/Account/Profile/PartialTaxInvoice.cshtml' was not found.
2018-03-08 10:18:48.2027 ERROR The controller for path '/images/jqueryui/ui-icons_444444_256x240.png' was not found or does not implement IController.
2018-03-08 10:20:39.2161 ERROR The controller for path '/images/jqueryui/ui-icons_ffffff_256x240.png' was not found or does not implement IController.
2018-03-08 10:20:39.8628 ERROR The controller for path '/images/jqueryui/ui-icons_555555_256x240.png' was not found or does not implement IController.
2018-03-08 10:22:06.4284 ERROR The controller for path '/images/jqueryui/ui-icons_444444_256x240.png' was not found or does not implement IController.
2018-03-08 10:22:18.7296 ERROR The controller for path '/images/jqueryui/ui-icons_ffffff_256x240.png' was not found or does not implement IController.
2018-03-08 10:22:18.9068 ERROR The controller for path '/images/jqueryui/ui-icons_555555_256x240.png' was not found or does not implement IController.
2018-03-08 10:22:46.1733 ERROR The controller for path '/images/jqueryui/ui-icons_444444_256x240.png' was not found or does not implement IController.
2018-03-08 10:22:57.2435 ERROR The controller for path '/images/jqueryui/ui-icons_ffffff_256x240.png' was not found or does not implement IController.
2018-03-08 10:22:57.3956 ERROR The controller for path '/images/jqueryui/ui-icons_555555_256x240.png' was not found or does not implement IController.
2018-03-08 10:47:13.3392 ERROR Path '/Views/AjaxTemplates/Account/Profile/PartialPaymentMethodsScratchCard.Mobile.cshtml' was not found.
2018-03-08 10:49:08.0105 ERROR The controller for path '/assets/images/nex_view.png' was not found or does not implement IController.
2018-03-08 10:50:17.2166 ERROR The controller for path '/images/jqueryui/ui-icons_444444_256x240.png' was not found or does not implement IController.
2018-03-08 10:50:37.2706 ERROR The controller for path '/images/jqueryui/ui-icons_ffffff_256x240.png' was not found or does not implement IController.
2018-03-08 10:50:37.8699 ERROR The controller for path '/images/jqueryui/ui-icons_555555_256x240.png' was not found or does not implement IController.
2018-03-08 10:51:22.6465 ERROR The controller for path '/images/jqueryui/ui-icons_444444_256x240.png' was not found or does not implement IController.
2018-03-08 10:52:19.6648 ERROR The controller for path '/images/jqueryui/ui-icons_ffffff_256x240.png' was not found or does not implement IController.
2018-03-08 10:52:20.2385 ERROR The controller for path '/images/jqueryui/ui-icons_555555_256x240.png' was not found or does not implement IController.
2018-03-08 10:57:47.1958 ERROR The controller for path '/images/jqueryui/ui-icons_444444_256x240.png' was not found or does not implement IController.
2018-03-08 10:57:52.3310 ERROR The controller for path '/images/jqueryui/ui-icons_ffffff_256x240.png' was not found or does not implement IController.
2018-03-08 10:57:52.4946 ERROR The controller for path '/images/jqueryui/ui-icons_555555_256x240.png' was not found or does not implement IController.
2018-03-08 11:03:28.6797 ERROR The controller for path '/images/jqueryui/ui-icons_444444_256x240.png' was not found or does not implement IController.
2018-03-08 11:05:02.0189 ERROR The controller for path '/images/jqueryui/ui-icons_444444_256x240.png' was not found or does not implement IController.
2018-03-08 11:05:12.6343 ERROR The controller for path '/images/jqueryui/ui-icons_ffffff_256x240.png' was not found or does not implement IController.
2018-03-08 11:05:12.7854 ERROR The controller for path '/images/jqueryui/ui-icons_555555_256x240.png' was not found or does not implement IController.
2018-03-08 11:05:57.7480 ERROR The controller for path '/images/jqueryui/ui-icons_444444_256x240.png' was not found or does not implement IController.
2018-03-08 11:06:39.9349 ERROR The controller for path '/images/jqueryui/ui-icons_444444_256x240.png' was not found or does not implement IController.
2018-03-08 11:07:18.2816 ERROR The controller for path '/images/jqueryui/ui-icons_ffffff_256x240.png' was not found or does not implement IController.
2018-03-08 11:07:18.9270 ERROR The controller for path '/images/jqueryui/ui-icons_555555_256x240.png' was not found or does not implement IController.
2018-03-08 11:08:29.4470 ERROR The controller for path '/images/jqueryui/ui-icons_444444_256x240.png' was not found or does not implement IController.
2018-03-08 11:08:36.4785 ERROR The controller for path '/images/jqueryui/ui-icons_ffffff_256x240.png' was not found or does not implement IController.
2018-03-08 11:08:36.6416 ERROR The controller for path '/images/jqueryui/ui-icons_555555_256x240.png' was not found or does not implement IController.
2018-03-08 11:09:20.7790 ERROR The controller for path '/images/jqueryui/ui-icons_444444_256x240.png' was not found or does not implement IController.
2018-03-08 11:10:01.6072 ERROR The controller for path '/images/jqueryui/ui-icons_ffffff_256x240.png' was not found or does not implement IController.
2018-03-08 11:10:02.2749 ERROR The controller for path '/images/jqueryui/ui-icons_555555_256x240.png' was not found or does not implement IController.
2018-03-08 11:10:05.6138 ERROR The controller for path '/images/jqueryui/ui-icons_444444_256x240.png' was not found or does not implement IController.
2018-03-08 11:10:37.4050 ERROR The controller for path '/images/jqueryui/ui-icons_444444_256x240.png' was not found or does not implement IController.
2018-03-08 11:10:42.3451 ERROR The controller for path '/images/jqueryui/ui-icons_ffffff_256x240.png' was not found or does not implement IController.
2018-03-08 11:10:42.5712 ERROR The controller for path '/images/jqueryui/ui-icons_555555_256x240.png' was not found or does not implement IController.
2018-03-08 11:15:21.6508 ERROR Path '/Views/AjaxTemplates/Account/Profile/PartialPaymentMethodsScratchCard.Mobile.cshtml' was not found.
2018-03-08 11:15:52.2000 ERROR The controller for path '/images/jqueryui/ui-icons_444444_256x240.png' was not found or does not implement IController.
2018-03-08 11:16:04.4919 ERROR The controller for path '/images/jqueryui/ui-icons_ffffff_256x240.png' was not found or does not implement IController.
2018-03-08 11:16:04.6940 ERROR The controller for path '/images/jqueryui/ui-icons_555555_256x240.png' was not found or does not implement IController.
2018-03-08 11:27:53.5680 ERROR The controller for path '/assets/images/nex_view.png' was not found or does not implement IController.
2018-03-08 11:40:43.4584 ERROR The controller for path '/assets/images/nex_view.png' was not found or does not implement IController.
2018-03-08 11:41:25.9713 ERROR The controller for path '/assets/images/nex_view.png' was not found or does not implement IController.
