2018-06-15 10:00:16.0078 ERROR The controller for path '/assets/images/nex_view.png' was not found or does not implement IController.
2018-06-15 10:15:26.7534 ERROR The controller for path '/assets/images/nex_view.png' was not found or does not implement IController.
2018-06-15 10:16:27.8114 ERROR The controller for path '/ban-tin-luatvietnam-c5fgdgfg1-article.html' was not found or does not implement IController.
2018-06-15 10:30:46.6410 ERROR The controller for path '/images/lockq.png' was not found or does not implement IController.
2018-06-15 10:30:48.6508 ERROR The controller for path '/images/bantin3.png' was not found or does not implement IController.
2018-06-15 10:30:49.1375 ERROR The controller for path '/images/lockq.png' was not found or does not implement IController.
2018-06-15 10:30:49.6701 ERROR The controller for path '/images/bantin2.png' was not found or does not implement IController.
2018-06-15 10:30:50.2008 ERROR The controller for path '/images/bantin3.png' was not found or does not implement IController.
2018-06-15 10:30:50.6718 ERROR The controller for path '/images/bantin1.png' was not found or does not implement IController.
2018-06-15 10:30:51.2054 ERROR The controller for path '/images/bantin2.png' was not found or does not implement IController.
2018-06-15 10:30:51.7121 ERROR The controller for path '/images/bantin1.png' was not found or does not implement IController.
2018-06-15 10:37:14.5719 ERROR The controller for path '/assets/images/nex_view.png' was not found or does not implement IController.
2018-06-15 10:37:35.5846 ERROR The controller for path '/images/lockq.png' was not found or does not implement IController.
2018-06-15 10:37:36.2702 ERROR The controller for path '/images/bantin2.png' was not found or does not implement IController.
2018-06-15 10:37:36.7389 ERROR The controller for path '/images/bantin3.png' was not found or does not implement IController.
2018-06-15 10:37:37.2606 ERROR The controller for path '/images/bantin1.png' was not found or does not implement IController.
2018-06-15 10:37:38.7946 ERROR The controller for path '/images/lockq.png' was not found or does not implement IController.
2018-06-15 10:37:39.2504 ERROR The controller for path '/images/bantin1.png' was not found or does not implement IController.
2018-06-15 10:37:39.3373 ERROR The controller for path '/images/bantin3.png' was not found or does not implement IController.
2018-06-15 10:37:40.7676 ERROR The controller for path '/images/bantin2.png' was not found or does not implement IController.
2018-06-15 10:39:19.1251 ERROR The controller for path '/images/lockq.png' was not found or does not implement IController.
2018-06-15 10:39:19.7826 ERROR The controller for path '/images/bantin1.png' was not found or does not implement IController.
2018-06-15 10:39:20.2424 ERROR The controller for path '/images/bantin3.png' was not found or does not implement IController.
2018-06-15 10:39:20.7672 ERROR The controller for path '/images/bantin2.png' was not found or does not implement IController.
2018-06-15 10:59:51.1950 ERROR The controller for path '/ban-tin-luatvietnam/images/lockq.png' was not found or does not implement IController.
2018-06-15 11:01:19.4573 ERROR The controller for path '/ban-tin-luatvietnam/images/lockq.png' was not found or does not implement IController.
2018-06-15 11:01:51.3131 ERROR The controller for path '/ban-tin-luatvietnam/images/lockq.png' was not found or does not implement IController.
2018-06-15 11:02:05.1473 ERROR The controller for path '/ban-tin-luatvietnam/images/lockq.png' was not found or does not implement IController.
2018-06-15 11:05:55.4472 ERROR The controller for path '/ban-tin-luatvietnam/images/lockq.png' was not found or does not implement IController.
2018-06-15 11:06:31.9923 ERROR The controller for path '/ban-tin-luatvietnam/images/lockq.png' was not found or does not implement IController.
2018-06-15 11:06:33.7162 ERROR The controller for path '/ban-tin-luatvietnam/images/lockq.png' was not found or does not implement IController.
2018-06-15 11:07:07.1753 ERROR The controller for path '/ban-tin-luatvietnam/images/lockq.png' was not found or does not implement IController.
2018-06-15 11:31:40.8330 ERROR Path '/Views/AjaxTemplates/News/PartialListBanTinLuatVN_V2.cshtml' was not found.
2018-06-15 11:39:14.3977 ERROR Path '/Views/AjaxTemplates/News/PartialListBanTinLuatVN_V2.cshtml' was not found.
2018-06-15 14:44:02.3711 ERROR The controller for path '/assets/images/nex_view.png' was not found or does not implement IController.
2018-06-15 16:01:22.6423 ERROR A public action method 'BanTinLuatVnAll' was not found on controller 'LawsVN.Controllers.NewsController'.
2018-06-15 16:01:22.6533 ERROR A public action method 'BanTinLuatVnAll' was not found on controller 'LawsVN.Controllers.NewsController'.
2018-06-15 16:22:00.8206 ERROR The controller for path '/assets/images/nex_view.png' was not found or does not implement IController.
2018-06-15 16:39:13.7954 ERROR The controller for path '/assets/images/nex_view.png' was not found or does not implement IController.
2018-06-15 16:41:45.3369 ERROR The controller for path '/images/bantin1.png' was not found or does not implement IController.
2018-06-15 16:41:45.8685 ERROR The controller for path '/images/bantin2.png' was not found or does not implement IController.
2018-06-15 16:41:46.3692 ERROR The controller for path '/images/bantin3.png' was not found or does not implement IController.
2018-06-15 16:43:12.3203 ERROR The controller for path '/images/bantin1.png' was not found or does not implement IController.
2018-06-15 16:43:12.8450 ERROR The controller for path '/images/bantin2.png' was not found or does not implement IController.
2018-06-15 16:43:13.3481 ERROR The controller for path '/images/bantin3.png' was not found or does not implement IController.
2018-06-15 16:43:31.5304 ERROR The controller for path '/images/bantin1.png' was not found or does not implement IController.
2018-06-15 16:43:32.0381 ERROR The controller for path '/images/bantin2.png' was not found or does not implement IController.
2018-06-15 16:43:32.5539 ERROR The controller for path '/images/bantin3.png' was not found or does not implement IController.
2018-06-15 16:43:39.2430 ERROR The controller for path '/images/bantin3.png' was not found or does not implement IController.
2018-06-15 16:43:39.7407 ERROR The controller for path '/images/bantin1.png' was not found or does not implement IController.
2018-06-15 16:43:40.2784 ERROR The controller for path '/images/bantin2.png' was not found or does not implement IController.
2018-06-15 16:47:48.7816 ERROR The controller for path '/images/bantin1.png' was not found or does not implement IController.
2018-06-15 16:47:49.2953 ERROR The controller for path '/images/bantin2.png' was not found or does not implement IController.
2018-06-15 16:47:49.7780 ERROR The controller for path '/images/bantin3.png' was not found or does not implement IController.
2018-06-15 16:48:32.2798 ERROR The controller for path '/images/bantin1.png' was not found or does not implement IController.
2018-06-15 16:48:32.8244 ERROR The controller for path '/images/bantin2.png' was not found or does not implement IController.
2018-06-15 16:48:33.3130 ERROR The controller for path '/images/bantin3.png' was not found or does not implement IController.
2018-06-15 16:56:09.1683 ERROR The controller for path '/images/bantin1.png' was not found or does not implement IController.
2018-06-15 16:56:12.4574 ERROR The controller for path '/images/bantin3.png' was not found or does not implement IController.
2018-06-15 16:56:13.0500 ERROR The controller for path '/images/bantin2.png' was not found or does not implement IController.
2018-06-15 16:56:25.2444 ERROR The controller for path '/assets/images/nex_view.png' was not found or does not implement IController.
2018-06-15 16:59:06.9686 ERROR The controller for path '/assets/images/nex_view.png' was not found or does not implement IController.
2018-06-15 17:07:14.6103 ERROR The controller for path '/assets/images/nex_view.png' was not found or does not implement IController.
2018-06-15 17:08:13.7995 ERROR The controller for path '/images/bantin1.png' was not found or does not implement IController.
2018-06-15 17:08:14.3232 ERROR The controller for path '/images/bantin3.png' was not found or does not implement IController.
2018-06-15 17:08:14.8469 ERROR The controller for path '/images/bantin2.png' was not found or does not implement IController.
2018-06-15 17:30:48.9613 ERROR Server cannot set status after HTTP headers have been sent.
2018-06-15 17:34:50.7619 ERROR The controller for path '/images/bantin1.png' was not found or does not implement IController.
2018-06-15 17:35:57.5823 ERROR The controller for path '/images/bantin1.png' was not found or does not implement IController.
2018-06-15 17:36:43.4188 ERROR The controller for path '/images/bantin1.png' was not found or does not implement IController.
2018-06-15 17:38:42.8605 ERROR The controller for path '/images/bantin1.png' was not found or does not implement IController.
2018-06-15 17:41:33.4827 ERROR The controller for path '/images/bantin1.png' was not found or does not implement IController.
2018-06-15 17:43:05.0904 ERROR The controller for path '/images/bantin1.png' was not found or does not implement IController.
2018-06-15 17:43:49.0753 ERROR The controller for path '/images/bantin1.png' was not found or does not implement IController.
2018-06-15 17:44:28.1536 ERROR The controller for path '/images/bantin1.png' was not found or does not implement IController.
2018-06-15 17:45:23.3415 ERROR The controller for path '/images/bantin1.png' was not found or does not implement IController.
2018-06-15 17:48:26.9004 ERROR The controller for path '/images/bantin1.png' was not found or does not implement IController.
2018-06-15 18:06:24.5235 ERROR The controller for path '/assets/images/nex_view.png' was not found or does not implement IController.
2018-06-15 18:09:53.2305 ERROR The controller for path '/assets/images/nex_view.png' was not found or does not implement IController.
2018-06-15 18:14:00.7983 ERROR The controller for path '/assets/images/nex_view.png' was not found or does not implement IController.
2018-06-15 18:22:27.5667 ERROR The controller for path '/assets/images/nex_view.png' was not found or does not implement IController.
2018-06-15 18:27:10.1378 ERROR The controller for path '/assets/images/nex_view.png' was not found or does not implement IController.
