2018-02-27 08:34:24.2424 ERROR The controller for path '/images/icondown.png' was not found or does not implement IController.
2018-02-27 08:34:25.7324 ERROR The controller for path '/images/tim-kiem-nang-cao.png' was not found or does not implement IController.
2018-02-27 08:36:25.9082 ERROR The controller for path '/images/icondown.png' was not found or does not implement IController.
2018-02-27 08:36:26.5376 ERROR The controller for path '/images/tim-kiem-nang-cao.png' was not found or does not implement IController.
2018-02-27 08:52:15.2701 ERROR The controller for path '/images/tim-kiem-nang-cao.png' was not found or does not implement IController.
2018-02-27 08:54:29.3958 ERROR The controller for path '/images/tim-kiem-nang-cao.png' was not found or does not implement IController.
2018-02-27 08:55:48.0137 ERROR The controller for path '/images/tim-kiem-nang-cao.png' was not found or does not implement IController.
2018-02-27 09:43:22.4963 ERROR The controller for path '/images/fa-about2.png' was not found or does not implement IController.
2018-02-27 09:45:43.5646 ERROR The controller for path '/images/fa-about2.png' was not found or does not implement IController.
2018-02-27 09:45:47.9896 ERROR The controller for path '/images/fa-about2.png' was not found or does not implement IController.
2018-02-27 09:48:27.8687 ERROR The controller for path '/images/fa-about2.png' was not found or does not implement IController.
2018-02-27 09:54:57.8545 ERROR The controller for path '/images/fa-about2.png' was not found or does not implement IController.
2018-02-27 09:54:58.5020 ERROR The controller for path '/images/chinh-sach-vb.png' was not found or does not implement IController.
2018-02-27 09:54:59.3846 ERROR The controller for path '/images/chinh-sach-vb.png' was not found or does not implement IController.
2018-02-27 09:55:33.5457 ERROR The controller for path '/images/fa-about2.png' was not found or does not implement IController.
2018-02-27 09:55:38.4538 ERROR The controller for path '/images/chinh-sach-vb.png' was not found or does not implement IController.
2018-02-27 09:56:12.3805 ERROR The controller for path '/images/fa-about2.png' was not found or does not implement IController.
2018-02-27 09:56:13.1330 ERROR The controller for path '/images/chinh-sach-vb.png' was not found or does not implement IController.
2018-02-27 09:56:13.5653 ERROR The controller for path '/images/chinh-sach-vb.png' was not found or does not implement IController.
2018-02-27 09:58:26.4555 ERROR The controller for path '/images/fa-about2.png' was not found or does not implement IController.
2018-02-27 09:58:27.3381 ERROR The controller for path '/images/chinh-sach-vb.png' was not found or does not implement IController.
2018-02-27 09:58:28.4849 ERROR The controller for path '/images/chinh-sach-vb.png' was not found or does not implement IController.
2018-02-27 10:02:06.6177 ERROR The controller for path '/images/fa-about2.png' was not found or does not implement IController.
2018-02-27 10:02:06.8809 ERROR The controller for path '/images/chinh-sach-vb.png' was not found or does not implement IController.
2018-02-27 10:02:07.7355 ERROR The controller for path '/images/chinh-sach-vb.png' was not found or does not implement IController.
2018-02-27 10:05:52.5773 ERROR The controller for path '/images/fa-about2.png' was not found or does not implement IController.
2018-02-27 10:05:53.1297 ERROR The controller for path '/images/chinh-sach-vb.png' was not found or does not implement IController.
2018-02-27 10:05:54.1183 ERROR The controller for path '/images/chinh-sach-vb.png' was not found or does not implement IController.
2018-02-27 10:06:44.1772 ERROR The controller for path '/images/fa-about2.png' was not found or does not implement IController.
2018-02-27 10:06:44.8726 ERROR The controller for path '/images/chinh-sach-vb.png' was not found or does not implement IController.
2018-02-27 10:06:45.6661 ERROR The controller for path '/images/chinh-sach-vb.png' was not found or does not implement IController.
2018-02-27 10:07:37.9124 ERROR The controller for path '/images/fa-about2.png' was not found or does not implement IController.
2018-02-27 10:07:38.6009 ERROR The controller for path '/images/chinh-sach-vb.png' was not found or does not implement IController.
2018-02-27 10:07:39.8847 ERROR The controller for path '/images/chinh-sach-vb.png' was not found or does not implement IController.
2018-02-27 10:08:13.5939 ERROR The controller for path '/images/fa-about2.png' was not found or does not implement IController.
2018-02-27 10:08:14.1253 ERROR The controller for path '/images/chinh-sach-vb.png' was not found or does not implement IController.
2018-02-27 10:08:15.0119 ERROR The controller for path '/images/chinh-sach-vb.png' was not found or does not implement IController.
2018-02-27 10:08:56.9253 ERROR The controller for path '/images/fa-about2.png' was not found or does not implement IController.
2018-02-27 10:08:57.6418 ERROR The controller for path '/images/chinh-sach-vb.png' was not found or does not implement IController.
2018-02-27 10:08:58.6005 ERROR The controller for path '/images/chinh-sach-vb.png' was not found or does not implement IController.
2018-02-27 10:09:27.1099 ERROR The controller for path '/images/fa-about2.png' was not found or does not implement IController.
2018-02-27 10:09:27.9584 ERROR The controller for path '/images/chinh-sach-vb.png' was not found or does not implement IController.
2018-02-27 10:09:29.0842 ERROR The controller for path '/images/chinh-sach-vb.png' was not found or does not implement IController.
2018-02-27 10:09:54.9411 ERROR The controller for path '/images/fa-about2.png' was not found or does not implement IController.
2018-02-27 10:09:55.4534 ERROR The controller for path '/images/chinh-sach-vb.png' was not found or does not implement IController.
2018-02-27 10:09:56.6172 ERROR The controller for path '/images/chinh-sach-vb.png' was not found or does not implement IController.
2018-02-27 10:11:11.4252 ERROR The controller for path '/images/fa-about2.png' was not found or does not implement IController.
2018-02-27 10:11:12.6660 ERROR The controller for path '/images/chinh-sach-vb.png' was not found or does not implement IController.
2018-02-27 10:12:16.5950 ERROR The controller for path '/images/fa-about2.png' was not found or does not implement IController.
2018-02-27 10:12:17.1364 ERROR The controller for path '/images/chinh-sach-vb.png' was not found or does not implement IController.
2018-02-27 10:12:17.7938 ERROR The controller for path '/images/chinh-sach-vb.png' was not found or does not implement IController.
2018-02-27 10:12:36.7207 ERROR The controller for path '/images/fa-about2.png' was not found or does not implement IController.
2018-02-27 10:12:37.3471 ERROR The controller for path '/images/chinh-sach-vb.png' was not found or does not implement IController.
2018-02-27 10:12:38.0506 ERROR The controller for path '/images/chinh-sach-vb.png' was not found or does not implement IController.
2018-02-27 10:14:27.4171 ERROR The controller for path '/images/fa-about2.png' was not found or does not implement IController.
2018-02-27 10:14:28.3728 ERROR The controller for path '/images/chinh-sach-vb.png' was not found or does not implement IController.
2018-02-27 10:16:58.9274 ERROR The controller for path '/images/fa-about2.png' was not found or does not implement IController.
2018-02-27 10:16:59.6809 ERROR The controller for path '/images/chinh-sach-vb.png' was not found or does not implement IController.
2018-02-27 10:17:00.9697 ERROR The controller for path '/images/chinh-sach-vb.png' was not found or does not implement IController.
2018-02-27 10:18:25.3888 ERROR The controller for path '/images/chinh-sach-vb.png' was not found or does not implement IController.
2018-02-27 10:18:26.6967 ERROR The controller for path '/images/chinh-sach-vb.png' was not found or does not implement IController.
2018-02-27 10:20:19.9834 ERROR The controller for path '/images/chinh-sach-vb.png' was not found or does not implement IController.
2018-02-27 10:20:21.1142 ERROR The controller for path '/images/chinh-sach-vb.png' was not found or does not implement IController.
2018-02-27 10:22:39.9798 ERROR The controller for path '/images/chinh-sach-vb.png' was not found or does not implement IController.
2018-02-27 10:22:41.3937 ERROR The controller for path '/images/chinh-sach-vb.png' was not found or does not implement IController.
2018-02-27 10:24:44.6145 ERROR The controller for path '/images/chinh-sach-vb.png' was not found or does not implement IController.
2018-02-27 10:24:46.2977 ERROR The controller for path '/images/chinh-sach-vb.png' was not found or does not implement IController.
2018-02-27 10:26:33.2444 ERROR The controller for path '/images/chinh-sach-vb.png' was not found or does not implement IController.
2018-02-27 10:26:34.5062 ERROR The controller for path '/images/chinh-sach-vb.png' was not found or does not implement IController.
2018-02-27 10:27:58.1911 ERROR The controller for path '/images/chinh-sach-vb.png' was not found or does not implement IController.
2018-02-27 10:27:59.2799 ERROR The controller for path '/images/chinh-sach-vb.png' was not found or does not implement IController.
2018-02-27 10:28:49.6140 ERROR The controller for path '/images/chinh-sach-vb.png' was not found or does not implement IController.
2018-02-27 10:28:50.4246 ERROR The controller for path '/images/chinh-sach-vb.png' was not found or does not implement IController.
2018-02-27 10:30:58.3653 ERROR The controller for path '/images/chinh-sach-vb.png' was not found or does not implement IController.
2018-02-27 10:30:59.5612 ERROR The controller for path '/images/chinh-sach-vb.png' was not found or does not implement IController.
2018-02-27 10:32:02.3450 ERROR The controller for path '/images/chinh-sach-vb.png' was not found or does not implement IController.
2018-02-27 10:32:03.5892 ERROR The controller for path '/images/chinh-sach-vb.png' was not found or does not implement IController.
2018-02-27 10:50:20.6796 ERROR The controller for path '/images/chinh-sach-vb.png' was not found or does not implement IController.
2018-02-27 10:50:21.4033 ERROR The controller for path '/images/chinh-sach-vb.png' was not found or does not implement IController.
2018-02-27 10:51:53.8954 ERROR The controller for path '/images/chinh-sach-vb.png' was not found or does not implement IController.
2018-02-27 10:51:54.6768 ERROR The controller for path '/images/chinh-sach-vb.png' was not found or does not implement IController.
2018-02-27 11:04:33.0894 ERROR The controller for path '/images/chinh-sach-vb.png' was not found or does not implement IController.
2018-02-27 11:04:34.2102 ERROR The controller for path '/images/chinh-sach-vb.png' was not found or does not implement IController.
2018-02-27 11:09:22.5479 ERROR The controller for path '/images/chinh-sach-vb.png' was not found or does not implement IController.
2018-02-27 11:09:57.5681 ERROR The controller for path '/images/chinh-sach-vb.png' was not found or does not implement IController.
2018-02-27 11:09:58.3586 ERROR The controller for path '/images/chinh-sach-vb.png' was not found or does not implement IController.
2018-02-27 11:10:33.6013 ERROR The controller for path '/images/chinh-sach-vb.png' was not found or does not implement IController.
2018-02-27 11:10:34.5590 ERROR The controller for path '/images/chinh-sach-vb.png' was not found or does not implement IController.
2018-02-27 11:10:42.6544 ERROR The controller for path '/images/chinh-sach-vb.png' was not found or does not implement IController.
2018-02-27 11:10:43.3168 ERROR The controller for path '/images/chinh-sach-vb.png' was not found or does not implement IController.
2018-02-27 11:12:43.9777 ERROR The controller for path '/images/chinh-sach-vb.png' was not found or does not implement IController.
2018-02-27 11:12:44.6701 ERROR The controller for path '/images/chinh-sach-vb.png' was not found or does not implement IController.
2018-02-27 11:21:29.0472 ERROR A public action method 'images' was not found on controller 'LawsVN.Controllers.HomeController'.
2018-02-27 11:21:47.2341 ERROR A public action method 'images' was not found on controller 'LawsVN.Controllers.HomeController'.
2018-02-27 11:21:47.9065 ERROR A public action method 'images' was not found on controller 'LawsVN.Controllers.HomeController'.
2018-02-27 11:21:57.8785 ERROR The controller for path '/images/slider-1.png' was not found or does not implement IController.
2018-02-27 11:21:57.9716 ERROR The controller for path '/images/icon-sider-1.png' was not found or does not implement IController.
2018-02-27 11:21:58.1247 ERROR The controller for path '/images/icon-sider-2.png' was not found or does not implement IController.
2018-02-27 11:21:58.5820 ERROR The controller for path '/images/chinh-sach-vb.png' was not found or does not implement IController.
2018-02-27 11:23:51.5376 ERROR The controller for path '/images/icon-sider-2.png' was not found or does not implement IController.
2018-02-27 11:23:52.0519 ERROR The controller for path '/images/slider-1.png' was not found or does not implement IController.
2018-02-27 11:23:52.6113 ERROR The controller for path '/images/chinh-sach-vb.png' was not found or does not implement IController.
2018-02-27 11:23:53.1057 ERROR The controller for path '/images/icon-sider-1.png' was not found or does not implement IController.
2018-02-27 11:24:12.4431 ERROR The controller for path '/images/chinh-sach-vb.png' was not found or does not implement IController.
2018-02-27 11:24:13.0626 ERROR The controller for path '/images/slider-1.png' was not found or does not implement IController.
2018-02-27 11:24:13.3678 ERROR The controller for path '/images/chinh-sach-vb.png' was not found or does not implement IController.
2018-02-27 11:24:13.6109 ERROR The controller for path '/images/icon-sider-2.png' was not found or does not implement IController.
2018-02-27 11:24:14.0882 ERROR The controller for path '/images/icon-sider-1.png' was not found or does not implement IController.
2018-02-27 11:24:20.4979 ERROR The controller for path '/images/chinh-sach-vb.png' was not found or does not implement IController.
2018-02-27 11:24:21.0323 ERROR The controller for path '/images/icon-sider-1.png' was not found or does not implement IController.
2018-02-27 11:24:21.2604 ERROR The controller for path '/images/chinh-sach-vb.png' was not found or does not implement IController.
2018-02-27 11:24:21.5216 ERROR The controller for path '/images/slider-1.png' was not found or does not implement IController.
2018-02-27 11:24:22.0561 ERROR The controller for path '/images/icon-sider-2.png' was not found or does not implement IController.
2018-02-27 11:25:33.2913 ERROR The controller for path '/images/chinh-sach-vb.png' was not found or does not implement IController.
2018-02-27 11:25:33.7987 ERROR The controller for path '/images/icon-sider-2.png' was not found or does not implement IController.
2018-02-27 11:25:34.3014 ERROR The controller for path '/images/icon-sider-1.png' was not found or does not implement IController.
2018-02-27 11:25:34.7167 ERROR The controller for path '/images/chinh-sach-vb.png' was not found or does not implement IController.
2018-02-27 11:25:34.9018 ERROR The controller for path '/images/slider-1.png' was not found or does not implement IController.
2018-02-27 11:25:41.2518 ERROR The controller for path '/images/chinh-sach-vb.png' was not found or does not implement IController.
2018-02-27 11:25:41.7622 ERROR The controller for path '/images/icon-sider-2.png' was not found or does not implement IController.
2018-02-27 11:25:41.9503 ERROR The controller for path '/images/chinh-sach-vb.png' was not found or does not implement IController.
2018-02-27 11:25:42.3266 ERROR The controller for path '/images/icon-sider-1.png' was not found or does not implement IController.
2018-02-27 11:26:59.3766 ERROR The controller for path '/images/icon-sider-2.png' was not found or does not implement IController.
2018-02-27 11:26:59.8599 ERROR The controller for path '/images/chinh-sach-vb.png' was not found or does not implement IController.
2018-02-27 11:27:00.3172 ERROR The controller for path '/images/chinh-sach-vb.png' was not found or does not implement IController.
2018-02-27 11:27:00.9465 ERROR The controller for path '/images/icon-sider-1.png' was not found or does not implement IController.
2018-02-27 11:27:53.7864 ERROR The controller for path '/images/chinh-sach-vb.png' was not found or does not implement IController.
2018-02-27 11:27:53.9785 ERROR The controller for path '/images/icon-sider-1.png' was not found or does not implement IController.
2018-02-27 11:27:54.4858 ERROR The controller for path '/images/icon-sider-2.png' was not found or does not implement IController.
2018-02-27 11:27:54.8441 ERROR The controller for path '/images/chinh-sach-vb.png' was not found or does not implement IController.
2018-02-27 11:30:07.1587 ERROR The controller for path '/images/chinh-sach-vb.png' was not found or does not implement IController.
2018-02-27 11:30:07.7651 ERROR The controller for path '/images/icon-sider-1.png' was not found or does not implement IController.
2018-02-27 11:30:08.2484 ERROR The controller for path '/images/chinh-sach-vb.png' was not found or does not implement IController.
2018-02-27 11:30:08.8818 ERROR The controller for path '/images/icon-sider-2.png' was not found or does not implement IController.
2018-02-27 11:36:26.2679 ERROR The controller for path '/images/chinh-sach-vb.png' was not found or does not implement IController.
2018-02-27 11:36:27.7989 ERROR The controller for path '/assets/images/icon-sider-2.png' was not found or does not implement IController.
2018-02-27 11:36:28.2964 ERROR The controller for path '/assets/images/icon-sider-1.png' was not found or does not implement IController.
2018-02-27 11:37:15.8199 ERROR The controller for path '/images/chinh-sach-vb.png' was not found or does not implement IController.
2018-02-27 11:37:20.9249 ERROR The controller for path '/images/chinh-sach-vb.png' was not found or does not implement IController.
2018-02-27 11:37:21.4422 ERROR The controller for path '/assets/images/icon-sider-1.png' was not found or does not implement IController.
2018-02-27 11:37:21.6133 ERROR The controller for path '/images/chinh-sach-vb.png' was not found or does not implement IController.
2018-02-27 11:37:21.9595 ERROR The controller for path '/assets/images/icon-sider-2.png' was not found or does not implement IController.
2018-02-27 11:37:40.2470 ERROR The controller for path '/images/chinh-sach-vb.png' was not found or does not implement IController.
2018-02-27 11:37:40.7313 ERROR The controller for path '/assets/images/nex_view.png' was not found or does not implement IController.
2018-02-27 11:37:40.8364 ERROR The controller for path '/images/chinh-sach-vb.png' was not found or does not implement IController.
2018-02-27 11:37:41.2587 ERROR The controller for path '/assets/images/icon-sider-1.png' was not found or does not implement IController.
2018-02-27 11:37:41.7531 ERROR The controller for path '/assets/images/icon-sider-2.png' was not found or does not implement IController.
2018-02-27 11:38:44.2768 ERROR The controller for path '/images/chinh-sach-vb.png' was not found or does not implement IController.
2018-02-27 11:38:44.3839 ERROR The controller for path '/assets/images/icon-sider-1.png' was not found or does not implement IController.
2018-02-27 11:38:44.8890 ERROR The controller for path '/assets/images/nex_view.png' was not found or does not implement IController.
2018-02-27 11:38:45.0677 ERROR The controller for path '/images/chinh-sach-vb.png' was not found or does not implement IController.
2018-02-27 11:38:45.3995 ERROR The controller for path '/assets/images/icon-sider-2.png' was not found or does not implement IController.
2018-02-27 11:43:17.0199 ERROR The controller for path '/images/chinh-sach-vb.png' was not found or does not implement IController.
2018-02-27 11:43:19.1400 ERROR The controller for path '/assets/images/nex_view.png' was not found or does not implement IController.
2018-02-27 11:43:32.7162 ERROR The controller for path '/images/chinh-sach-vb.png' was not found or does not implement IController.
2018-02-27 11:45:26.8436 ERROR The controller for path '/images/chinh-sach-vb.png' was not found or does not implement IController.
2018-02-27 11:45:27.5226 ERROR The controller for path '/assets/images/nex_view.png' was not found or does not implement IController.
2018-02-27 11:45:27.6382 ERROR The controller for path '/images/chinh-sach-vb.png' was not found or does not implement IController.
2018-02-27 11:45:34.8889 ERROR The controller for path '/images/chinh-sach-vb.png' was not found or does not implement IController.
2018-02-27 11:45:35.5142 ERROR The controller for path '/assets/images/nex_view.png' was not found or does not implement IController.
2018-02-27 11:45:35.6093 ERROR The controller for path '/images/chinh-sach-vb.png' was not found or does not implement IController.
2018-02-27 11:46:03.4900 ERROR The controller for path '/images/chinh-sach-vb.png' was not found or does not implement IController.
2018-02-27 11:46:03.9909 ERROR The controller for path '/assets/images/nex_view.png' was not found or does not implement IController.
2018-02-27 11:46:04.1027 ERROR The controller for path '/images/chinh-sach-vb.png' was not found or does not implement IController.
2018-02-27 11:46:51.7437 ERROR The controller for path '/images/chinh-sach-vb.png' was not found or does not implement IController.
2018-02-27 11:46:52.3101 ERROR The controller for path '/assets/images/nex_view.png' was not found or does not implement IController.
2018-02-27 11:46:52.4252 ERROR The controller for path '/images/chinh-sach-vb.png' was not found or does not implement IController.
2018-02-27 11:47:30.4671 ERROR The controller for path '/images/chinh-sach-vb.png' was not found or does not implement IController.
2018-02-27 11:47:31.1156 ERROR The controller for path '/assets/images/nex_view.png' was not found or does not implement IController.
2018-02-27 11:47:31.1877 ERROR The controller for path '/images/chinh-sach-vb.png' was not found or does not implement IController.
2018-02-27 11:48:09.1268 ERROR The controller for path '/images/chinh-sach-vb.png' was not found or does not implement IController.
2018-02-27 11:48:09.8293 ERROR The controller for path '/assets/images/nex_view.png' was not found or does not implement IController.
2018-02-27 11:48:09.9754 ERROR The controller for path '/images/chinh-sach-vb.png' was not found or does not implement IController.
2018-02-27 11:48:59.3834 ERROR The controller for path '/images/chinh-sach-vb.png' was not found or does not implement IController.
2018-02-27 11:49:00.0178 ERROR The controller for path '/assets/images/nex_view.png' was not found or does not implement IController.
2018-02-27 11:49:00.1870 ERROR The controller for path '/images/chinh-sach-vb.png' was not found or does not implement IController.
2018-02-27 11:49:11.2780 ERROR The controller for path '/images/chinh-sach-vb.png' was not found or does not implement IController.
2018-02-27 11:49:11.9274 ERROR The controller for path '/assets/images/nex_view.png' was not found or does not implement IController.
2018-02-27 11:49:12.0635 ERROR The controller for path '/images/chinh-sach-vb.png' was not found or does not implement IController.
2018-02-27 11:49:26.7553 ERROR The controller for path '/images/chinh-sach-vb.png' was not found or does not implement IController.
2018-02-27 11:49:27.2286 ERROR The controller for path '/assets/images/nex_view.png' was not found or does not implement IController.
2018-02-27 11:49:27.3367 ERROR The controller for path '/images/chinh-sach-vb.png' was not found or does not implement IController.
2018-02-27 11:49:43.8989 ERROR The controller for path '/images/chinh-sach-vb.png' was not found or does not implement IController.
2018-02-27 11:49:44.5113 ERROR The controller for path '/assets/images/nex_view.png' was not found or does not implement IController.
2018-02-27 11:49:44.7034 ERROR The controller for path '/images/chinh-sach-vb.png' was not found or does not implement IController.
2018-02-27 11:50:01.4358 ERROR The controller for path '/images/chinh-sach-vb.png' was not found or does not implement IController.
2018-02-27 11:50:02.0192 ERROR The controller for path '/assets/images/nex_view.png' was not found or does not implement IController.
2018-02-27 11:50:02.1423 ERROR The controller for path '/images/chinh-sach-vb.png' was not found or does not implement IController.
2018-02-27 11:50:21.3204 ERROR The controller for path '/images/chinh-sach-vb.png' was not found or does not implement IController.
2018-02-27 11:50:22.0028 ERROR The controller for path '/assets/images/nex_view.png' was not found or does not implement IController.
2018-02-27 11:50:22.1669 ERROR The controller for path '/images/chinh-sach-vb.png' was not found or does not implement IController.
2018-02-27 11:51:09.3816 ERROR The controller for path '/images/chinh-sach-vb.png' was not found or does not implement IController.
2018-02-27 11:51:10.0490 ERROR The controller for path '/images/chinh-sach-vb.png' was not found or does not implement IController.
2018-02-27 11:56:42.3722 ERROR The controller for path '/assets/images/nex_view.png' was not found or does not implement IController.
2018-02-27 11:58:40.1680 ERROR The controller for path '/assets/images/nex_view.png' was not found or does not implement IController.
2018-02-27 12:00:06.7752 ERROR The controller for path '/assets/images/nex_view.png' was not found or does not implement IController.
2018-02-27 12:02:26.0847 ERROR The controller for path '/assets/images/nex_view.png' was not found or does not implement IController.
2018-02-27 12:03:43.6220 ERROR The controller for path '/assets/images/nex_view.png' was not found or does not implement IController.
2018-02-27 12:04:38.3786 ERROR The controller for path '/assets/images/nex_view.png' was not found or does not implement IController.
2018-02-27 12:06:08.0660 ERROR The controller for path '/assets/images/nex_view.png' was not found or does not implement IController.
2018-02-27 13:54:21.4946 ERROR The controller for path '/assets/images/nex_view.png' was not found or does not implement IController.
2018-02-27 13:58:10.2041 ERROR The controller for path '/assets/images/nex_view.png' was not found or does not implement IController.
2018-02-27 13:59:01.8797 ERROR The controller for path '/assets/images/nex_view.png' was not found or does not implement IController.
2018-02-27 13:59:15.1382 ERROR The controller for path '/assets/images/nex_view.png' was not found or does not implement IController.
2018-02-27 14:04:02.6637 ERROR The controller for path '/assets/images/nex_view.png' was not found or does not implement IController.
2018-02-27 14:10:34.6589 ERROR The controller for path '/assets/images/nex_view.png' was not found or does not implement IController.
2018-02-27 14:11:30.6818 ERROR The controller for path '/assets/images/nex_view.png' was not found or does not implement IController.
2018-02-27 14:23:03.1118 ERROR The controller for path '/assets/images/nex_view.png' was not found or does not implement IController.
2018-02-27 14:24:14.9719 ERROR The controller for path '/assets/images/nex_view.png' was not found or does not implement IController.
2018-02-27 14:31:04.6922 ERROR Path '/Views/Shared/Home/PartialTinTucPhapLuat.cshtml' was not found.
2018-02-27 14:31:23.3987 ERROR The controller for path '/assets/images/nex_view.png' was not found or does not implement IController.
2018-02-27 14:32:42.8129 ERROR The controller for path '/assets/images/nex_view.png' was not found or does not implement IController.
2018-02-27 14:33:26.5744 ERROR The controller for path '/assets/images/nex_view.png' was not found or does not implement IController.
2018-02-27 14:41:22.9063 ERROR The controller for path '/assets/images/nex_view.png' was not found or does not implement IController.
2018-02-27 14:41:28.1728 ERROR The controller for path '/assets/images/nex_view.png' was not found or does not implement IController.
2018-02-27 14:41:39.7686 ERROR The controller for path '/assets/images/nex_view.png' was not found or does not implement IController.
2018-02-27 14:42:24.9061 ERROR The controller for path '/assets/images/nex_view.png' was not found or does not implement IController.
2018-02-27 15:13:11.0239 ERROR The controller for path '/assets/images/nex_view.png' was not found or does not implement IController.
2018-02-27 15:16:23.3336 ERROR The controller for path '/assets/images/nex_view.png' was not found or does not implement IController.
2018-02-27 15:17:27.7616 ERROR The controller for path '/assets/images/nex_view.png' was not found or does not implement IController.
2018-02-27 15:22:19.2441 ERROR The controller for path '/assets/images/nex_view.png' was not found or does not implement IController.
2018-02-27 15:23:19.2377 ERROR The controller for path '/assets/images/nex_view.png' was not found or does not implement IController.
2018-02-27 15:24:57.4099 ERROR The controller for path '/assets/images/nex_view.png' was not found or does not implement IController.
2018-02-27 16:14:00.6950 ERROR The controller for path '/assets/images/nex_view.png' was not found or does not implement IController.
2018-02-27 16:14:16.2237 ERROR The controller for path '/assets/images/nex_view.png' was not found or does not implement IController.
